<?xml version="1.0" encoding="UTF-8"?>
<!-- Generated by org.testng.reporters.JUnitXMLReporter -->
<testsuite hostname="DESKTOP-250U10H" ignored="2" name="Test" tests="5" failures="1" timestamp="2019-12-04T18:25:57 EST" time="73.241" errors="0">
  <testcase name="transferfunds" time="19.295" classname="testcases.Testcase_Transferfunds"/>
  <testcase name="validateAddPayee" time="14.302" classname="testcases.Testcase_AddPAyee"/>
  <testcase name="login" time="12.852" classname="testcases.Testcase_Login"/>
  <testcase name="login" time="12.016" classname="testcases.Testcase_Login"/>
  <testcase name="login" time="11.641" classname="testcases.Testcase_Login">
    <failure type="java.lang.AssertionError" message="expected [Zero - Log in] but found [Zero - Account Summary]">
      <![CDATA[java.lang.AssertionError: expected [Zero - Log in] but found [Zero - Account Summary]
at testcases.Testcase_Login.login(Testcase_Login.java:36)
at java.util.ArrayList.forEach(ArrayList.java:1249)
... Removed 32 stack frames]]>
    </failure>
  </testcase> <!-- login -->
  <testcase name="@AfterTest quitBrowser" time="0.0" classname="base.Page">
    <ignored/>
  </testcase> <!-- @AfterTest quitBrowser -->
  <testcase name="@AfterTest quitBrowser" time="0.0" classname="base.Page">
    <ignored/>
  </testcase> <!-- @AfterTest quitBrowser -->
</testsuite> <!-- Test -->
